<?xml version="1.0" encoding="UTF-8"?>
<!-- Generated by org.testng.reporters.JUnitXMLReporter -->
<testsuite hostname="AFSANAs-MacBook-Pro-2.local" ignored="0" name="Default test" tests="29" failures="1" timestamp="10 Mar 2018 20:27:04 GMT" time="0.808" errors="0">
  <testcase name="@BeforeTest SetUp" time="0.549" classname="Tescases.ScreenshotOnException">
    <failure type="java.lang.IllegalStateException" message="The path to the driver executable must be set by the webdriver.gecko.driver system property; for more information, see https://github.com/mozilla/geckodriver. The latest version can be downloaded from https://github.com/mozilla/geckodriver/releases">
      <![CDATA[java.lang.IllegalStateException: The path to the driver executable must be set by the webdriver.gecko.driver system property; for more information, see https://github.com/mozilla/geckodriver. The latest version can be downloaded from https://github.com/mozilla/geckodriver/releases
	at com.google.common.base.Preconditions.checkState(Preconditions.java:199)
	at org.openqa.selenium.remote.service.DriverService.findExecutable(DriverService.java:109)
	at org.openqa.selenium.firefox.GeckoDriverService.access$100(GeckoDriverService.java:38)
	at org.openqa.selenium.firefox.GeckoDriverService$Builder.findDefaultExecutable(GeckoDriverService.java:91)
	at org.openqa.selenium.remote.service.DriverService$Builder.build(DriverService.java:296)
	at org.openqa.selenium.firefox.FirefoxDriver.createCommandExecutor(FirefoxDriver.java:244)
	at org.openqa.selenium.firefox.FirefoxDriver.<init>(FirefoxDriver.java:219)
	at org.openqa.selenium.firefox.FirefoxDriver.<init>(FirefoxDriver.java:214)
	at org.openqa.selenium.firefox.FirefoxDriver.<init>(FirefoxDriver.java:210)
	at org.openqa.selenium.firefox.FirefoxDriver.<init>(FirefoxDriver.java:123)
	at Tescases.ScreenshotOnException.SetUp(ScreenshotOnException.java:12)
	at sun.reflect.NativeMethodAccessorImpl.invoke0(Native Method)
	at sun.reflect.NativeMethodAccessorImpl.invoke(NativeMethodAccessorImpl.java:62)
	at sun.reflect.DelegatingMethodAccessorImpl.invoke(DelegatingMethodAccessorImpl.java:43)
	at java.lang.reflect.Method.invoke(Method.java:498)
	at org.testng.internal.MethodInvocationHelper.invokeMethod(MethodInvocationHelper.java:108)
	at org.testng.internal.Invoker.invokeConfigurationMethod(Invoker.java:523)
	at org.testng.internal.Invoker.invokeConfigurations(Invoker.java:224)
	at org.testng.internal.Invoker.invokeConfigurations(Invoker.java:146)
	at org.testng.TestRunner.beforeRun(TestRunner.java:626)
	at org.testng.TestRunner.run(TestRunner.java:594)
	at org.testng.SuiteRunner.runTest(SuiteRunner.java:380)
	at org.testng.SuiteRunner.runSequentially(SuiteRunner.java:375)
	at org.testng.SuiteRunner.privateRun(SuiteRunner.java:340)
	at org.testng.SuiteRunner.run(SuiteRunner.java:289)
	at org.testng.SuiteRunnerWorker.runSuite(SuiteRunnerWorker.java:52)
	at org.testng.SuiteRunnerWorker.run(SuiteRunnerWorker.java:86)
	at org.testng.TestNG.runSuitesSequentially(TestNG.java:1301)
	at org.testng.TestNG.runSuitesLocally(TestNG.java:1226)
	at org.testng.TestNG.runSuites(TestNG.java:1144)
	at org.testng.TestNG.run(TestNG.java:1115)
	at org.testng.remote.AbstractRemoteTestNG.run(AbstractRemoteTestNG.java:132)
	at org.testng.remote.RemoteTestNG.initAndRun(RemoteTestNG.java:230)
	at org.testng.remote.RemoteTestNG.main(RemoteTestNG.java:76)
]]>
    </failure>
  </testcase> <!-- @BeforeTest SetUp -->
  <testcase name="@BeforeMethod SetUp" time="0.0" classname="Tescases.VerifyHomePageWithScreenshot">
    <skipped/>
  </testcase> <!-- @BeforeMethod SetUp -->
  <testcase name="@BeforeClass methodBeforeAllTest" time="0.0" classname="Tescases.TestNgannotation">
    <skipped/>
  </testcase> <!-- @BeforeClass methodBeforeAllTest -->
  <testcase name="@BeforeMethod methodBeforeEachTest" time="0.0" classname="Tescases.TestNgannotation">
    <skipped/>
  </testcase> <!-- @BeforeMethod methodBeforeEachTest -->
  <testcase name="@BeforeMethod methodBeforeEachTest" time="0.0" classname="Tescases.TestNgannotation">
    <skipped/>
  </testcase> <!-- @BeforeMethod methodBeforeEachTest -->
  <testcase name="@BeforeMethod methodBeforeEachTest" time="0.0" classname="Tescases.TestNgannotation">
    <skipped/>
  </testcase> <!-- @BeforeMethod methodBeforeEachTest -->
  <testcase name="@AfterClass methodAfterAllTest" time="0.0" classname="Tescases.TestNgannotation">
    <skipped/>
  </testcase> <!-- @AfterClass methodAfterAllTest -->
  <testcase name="@BeforeMethod SetUp" time="0.0" classname="Tescases.VerifyHomePage">
    <skipped/>
  </testcase> <!-- @BeforeMethod SetUp -->
  <testcase name="@BeforeClass yahooStartUpTestCase" time="0.0" classname="Tescases.YahoomailApp">
    <skipped/>
  </testcase> <!-- @BeforeClass yahooStartUpTestCase -->
  <testcase name="@AfterClass yahooTearDown" time="0.0" classname="Tescases.YahoomailApp">
    <skipped/>
  </testcase> <!-- @AfterClass yahooTearDown -->
  <testcase name="@AfterTest tearDown" time="0.0" classname="Tescases.ACTION_MOUSEHOVER">
    <skipped/>
  </testcase> <!-- @AfterTest tearDown -->
  <testcase name="dropDownTc" time="0.001" classname="Tescases.DROPDOWN2">
    <skipped/>
  </testcase> <!-- dropDownTc -->
  <testcase name="RadioButtonCheckBox" time="0.0" classname="Tescases.RadioButtonCheckBox">
    <skipped/>
  </testcase> <!-- RadioButtonCheckBox -->
  <testcase name="TestCase" time="0.0" classname="Tescases.EbayApp">
    <skipped/>
  </testcase> <!-- TestCase -->
  <testcase name="logInTestCase" time="0.0" classname="Tescases.cityBankApp">
    <skipped/>
  </testcase> <!-- logInTestCase -->
  <testcase name="logInTestCase" time="0.0" classname="Tescases.CHECKBOX_RADIO_BUTTON">
    <skipped/>
  </testcase> <!-- logInTestCase -->
  <testcase name="HomepageTest" time="0.0" classname="Tescases.VerifyHomePageWithScreenshot">
    <skipped/>
  </testcase> <!-- HomepageTest -->
  <testcase name="method1" time="0.0" classname="Tescases.TestNgannotation">
    <skipped/>
  </testcase> <!-- method1 -->
  <testcase name="method2" time="0.0" classname="Tescases.TestNgannotation">
    <skipped/>
  </testcase> <!-- method2 -->
  <testcase name="method3" time="0.0" classname="Tescases.TestNgannotation">
    <skipped/>
  </testcase> <!-- method3 -->
  <testcase name="waitTest" time="0.0" classname="Tescases.WAIT">
    <skipped/>
  </testcase> <!-- waitTest -->
  <testcase name="dropDownTest" time="0.0" classname="Tescases.DropDown">
    <skipped/>
  </testcase> <!-- dropDownTest -->
  <testcase name="databaseTestCase" time="0.0" classname="Tescases.DatabaseTesting">
    <skipped/>
  </testcase> <!-- databaseTestCase -->
  <testcase name="cssLocator" time="0.0" classname="Tescases.FB_CSS">
    <skipped/>
  </testcase> <!-- cssLocator -->
  <testcase name="HomepageTest" time="0.0" classname="Tescases.VerifyHomePage">
    <skipped/>
  </testcase> <!-- HomepageTest -->
  <testcase name="testCase" time="0.0" classname="Tescases.ITESTLISTNERs">
    <skipped/>
  </testcase> <!-- testCase -->
  <testcase name="webTableTest" time="0.0" classname="Tescases.WebdriverHandleMultipleElement">
    <skipped/>
  </testcase> <!-- webTableTest -->
  <testcase name="HomepageTest" time="0.0" classname="Tescases.NevigateMethod">
    <skipped/>
  </testcase> <!-- HomepageTest -->
  <testcase name="javaScriptexecuterTestCase" time="0.001" classname="Tescases.JavaScriptExecutor">
    <skipped/>
  </testcase> <!-- javaScriptexecuterTestCase -->
  <testcase name="gridTest" time="0.0" classname="Tescases.CROSSPLATFORMselGridTest">
    <skipped/>
  </testcase> <!-- gridTest -->
  <testcase name="logInTestCase" time="0.0" classname="Tescases.CSS_DYNAMICeLEMENT">
    <skipped/>
  </testcase> <!-- logInTestCase -->
  <testcase name="yahooSignInTestCase" time="0.0" classname="Tescases.YahoomailApp">
    <skipped/>
  </testcase> <!-- yahooSignInTestCase -->
  <testcase name="verifyPageTitle" time="0.0" classname="Tescases.CROSSBROWSERTESTINGusingTESTNG">
    <failure type="org.testng.TestNGException" message="
Parameter &amp;apos;browsers&amp;apos; is required by @Test on method verifyPageTitle but has not been marked @Optional or defined
in /private/var/folders/h8/g8kwjhd577vd6zb3x646br_00000gn/T/testng-eclipse--2133601506/testng-customsuite.xml">
      <![CDATA[org.testng.TestNGException: 
Parameter 'browsers' is required by @Test on method verifyPageTitle but has not been marked @Optional or defined
in /private/var/folders/h8/g8kwjhd577vd6zb3x646br_00000gn/T/testng-eclipse--2133601506/testng-customsuite.xml
	at org.testng.internal.Parameters.createParameters(Parameters.java:199)
	at org.testng.internal.Parameters.createParameters(Parameters.java:443)
	at org.testng.internal.Parameters.handleParameters(Parameters.java:569)
	at org.testng.internal.Invoker.handleParameters(Invoker.java:1308)
	at org.testng.internal.Invoker.createParameters(Invoker.java:1036)
	at org.testng.internal.Invoker.invokeTestMethods(Invoker.java:1126)
	at org.testng.internal.TestMethodWorker.invokeTestMethods(TestMethodWorker.java:126)
	at org.testng.internal.TestMethodWorker.run(TestMethodWorker.java:109)
	at org.testng.TestRunner.privateRun(TestRunner.java:744)
	at org.testng.TestRunner.run(TestRunner.java:602)
	at org.testng.SuiteRunner.runTest(SuiteRunner.java:380)
	at org.testng.SuiteRunner.runSequentially(SuiteRunner.java:375)
	at org.testng.SuiteRunner.privateRun(SuiteRunner.java:340)
	at org.testng.SuiteRunner.run(SuiteRunner.java:289)
	at org.testng.SuiteRunnerWorker.runSuite(SuiteRunnerWorker.java:52)
	at org.testng.SuiteRunnerWorker.run(SuiteRunnerWorker.java:86)
	at org.testng.TestNG.runSuitesSequentially(TestNG.java:1301)
	at org.testng.TestNG.runSuitesLocally(TestNG.java:1226)
	at org.testng.TestNG.runSuites(TestNG.java:1144)
	at org.testng.TestNG.run(TestNG.java:1115)
	at org.testng.remote.AbstractRemoteTestNG.run(AbstractRemoteTestNG.java:132)
	at org.testng.remote.RemoteTestNG.initAndRun(RemoteTestNG.java:230)
	at org.testng.remote.RemoteTestNG.main(RemoteTestNG.java:76)
]]>
    </failure>
  </testcase> <!-- verifyPageTitle -->
  <testcase name="actionTestCases" time="0.001" classname="Tescases.ACTION_MOUSEHOVER">
    <skipped/>
  </testcase> <!-- actionTestCases -->
  <testcase name="rightClickAction" time="0.0" classname="Tescases.ACTION_MOUSEHOVER">
    <skipped/>
  </testcase> <!-- rightClickAction -->
  <testcase name="testcase3" time="0.0" classname="Tescases.ACTION_MOUSEHOVER">
    <skipped/>
  </testcase> <!-- testcase3 -->
  <testcase name="testcaseTRYcATCH" time="0.0" classname="Tescases.EXCEPTIONhANDLINGTryCatch">
    <skipped/>
  </testcase> <!-- testcaseTRYcATCH -->
  <testcase name="handlingMultipleWindow" time="0.0" classname="Tescases.MultipleWindowHandle">
    <skipped/>
  </testcase> <!-- handlingMultipleWindow -->
  <testcase name="testCase1" time="0.0" classname="Tescases.Assert_Verification">
    <skipped/>
  </testcase> <!-- testCase1 -->
  <testcase name="CreatingAccWithOutEmail" time="0.0" classname="Tescases.ExtentReport">
    <skipped/>
  </testcase> <!-- CreatingAccWithOutEmail -->
</testsuite> <!-- Default test -->
